[08-Jan-2026 10:39:04 Europe/Berlin] PHP Fatal error:  Uncaught Error: Call to a member function prepare() on null in C:\xampp\htdocs\optativas_reto\model\UserModel.php:25
Stack trace:
#0 C:\xampp\htdocs\optativas_reto\controller\controller.php(19): UserModel->loginUser('juanP', 'pass123')
#1 C:\xampp\htdocs\optativas_reto\api\Login.php(20): controller->loginUser('juanP', 'pass123')
#2 {main}
  thrown in C:\xampp\htdocs\optativas_reto\model\UserModel.php on line 25
[08-Jan-2026 10:39:07 Europe/Berlin] PHP Fatal error:  Uncaught Error: Call to a member function prepare() on null in C:\xampp\htdocs\optativas_reto\model\UserModel.php:25
Stack trace:
#0 C:\xampp\htdocs\optativas_reto\controller\controller.php(19): UserModel->loginUser('juanP', 'pass123')
#1 C:\xampp\htdocs\optativas_reto\api\Login.php(20): controller->loginUser('juanP', 'pass123')
#2 {main}
  thrown in C:\xampp\htdocs\optativas_reto\model\UserModel.php on line 25
[08-Jan-2026 11:52:09 Europe/Berlin] PHP Fatal error:  Uncaught Error: Call to a member function prepare() on null in C:\xampp\htdocs\optativas_reto\model\UserModel.php:90
Stack trace:
#0 C:\xampp\htdocs\optativas_reto\controller\controller.php(34): UserModel->create_user('A', '$2y$10$OKnG33Dw...')
#1 C:\xampp\htdocs\optativas_reto\api\AddUser.php(22): controller->create_user('A', '$2y$10$OKnG33Dw...')
#2 {main}
  thrown in C:\xampp\htdocs\optativas_reto\model\UserModel.php on line 90
[08-Jan-2026 13:51:37 Europe/Berlin] PHP Fatal error:  Uncaught Error: Call to a member function prepare() on null in C:\xampp\htdocs\web\optativas_reto\model\UserModel.php:25
Stack trace:
#0 C:\xampp\htdocs\web\optativas_reto\controller\controller.php(19): UserModel->loginUser('asda', '1234')
#1 C:\xampp\htdocs\web\optativas_reto\api\Login.php(20): controller->loginUser('asda', '1234')
#2 {main}
  thrown in C:\xampp\htdocs\web\optativas_reto\model\UserModel.php on line 25
[08-Jan-2026 13:51:46 Europe/Berlin] PHP Fatal error:  Uncaught Error: Call to a member function prepare() on null in C:\xampp\htdocs\web\optativas_reto\model\UserModel.php:90
Stack trace:
#0 C:\xampp\htdocs\web\optativas_reto\controller\controller.php(34): UserModel->create_user('a', '$2y$10$tzprzTNt...')
#1 C:\xampp\htdocs\web\optativas_reto\api\AddUser.php(22): controller->create_user('a', '$2y$10$tzprzTNt...')
#2 {main}
  thrown in C:\xampp\htdocs\web\optativas_reto\model\UserModel.php on line 90
[08-Jan-2026 13:51:50 Europe/Berlin] PHP Fatal error:  Uncaught Error: Call to a member function prepare() on null in C:\xampp\htdocs\web\optativas_reto\model\UserModel.php:90
Stack trace:
#0 C:\xampp\htdocs\web\optativas_reto\controller\controller.php(34): UserModel->create_user('aa', '$2y$10$chdyLhzW...')
#1 C:\xampp\htdocs\web\optativas_reto\api\AddUser.php(22): controller->create_user('aa', '$2y$10$chdyLhzW...')
#2 {main}
  thrown in C:\xampp\htdocs\web\optativas_reto\model\UserModel.php on line 90
[08-Jan-2026 13:51:51 Europe/Berlin] PHP Fatal error:  Uncaught Error: Call to a member function prepare() on null in C:\xampp\htdocs\web\optativas_reto\model\UserModel.php:90
Stack trace:
#0 C:\xampp\htdocs\web\optativas_reto\controller\controller.php(34): UserModel->create_user('aa', '$2y$10$eU5v/EyV...')
#1 C:\xampp\htdocs\web\optativas_reto\api\AddUser.php(22): controller->create_user('aa', '$2y$10$eU5v/EyV...')
#2 {main}
  thrown in C:\xampp\htdocs\web\optativas_reto\model\UserModel.php on line 90
[08-Jan-2026 13:52:01 Europe/Berlin] PHP Fatal error:  Uncaught Error: Call to a member function prepare() on null in C:\xampp\htdocs\web\optativas_reto\model\UserModel.php:90
Stack trace:
#0 C:\xampp\htdocs\web\optativas_reto\controller\controller.php(34): UserModel->create_user('aa', '$2y$10$JQ4uCjnw...')
#1 C:\xampp\htdocs\web\optativas_reto\api\AddUser.php(22): controller->create_user('aa', '$2y$10$JQ4uCjnw...')
#2 {main}
  thrown in C:\xampp\htdocs\web\optativas_reto\model\UserModel.php on line 90
[08-Jan-2026 13:52:02 Europe/Berlin] PHP Fatal error:  Uncaught Error: Call to a member function prepare() on null in C:\xampp\htdocs\web\optativas_reto\model\UserModel.php:90
Stack trace:
#0 C:\xampp\htdocs\web\optativas_reto\controller\controller.php(34): UserModel->create_user('aa', '$2y$10$ygJVGWJy...')
#1 C:\xampp\htdocs\web\optativas_reto\api\AddUser.php(22): controller->create_user('aa', '$2y$10$ygJVGWJy...')
#2 {main}
  thrown in C:\xampp\htdocs\web\optativas_reto\model\UserModel.php on line 90
[08-Jan-2026 13:52:03 Europe/Berlin] PHP Fatal error:  Uncaught Error: Call to a member function prepare() on null in C:\xampp\htdocs\web\optativas_reto\model\UserModel.php:90
Stack trace:
#0 C:\xampp\htdocs\web\optativas_reto\controller\controller.php(34): UserModel->create_user('aa', '$2y$10$RG0U6BSl...')
#1 C:\xampp\htdocs\web\optativas_reto\api\AddUser.php(22): controller->create_user('aa', '$2y$10$RG0U6BSl...')
#2 {main}
  thrown in C:\xampp\htdocs\web\optativas_reto\model\UserModel.php on line 90
[08-Jan-2026 13:52:09 Europe/Berlin] PHP Fatal error:  Uncaught Error: Call to a member function prepare() on null in C:\xampp\htdocs\web\optativas_reto\model\UserModel.php:90
Stack trace:
#0 C:\xampp\htdocs\web\optativas_reto\controller\controller.php(34): UserModel->create_user('aa', '$2y$10$0FPMP9sw...')
#1 C:\xampp\htdocs\web\optativas_reto\api\AddUser.php(22): controller->create_user('aa', '$2y$10$0FPMP9sw...')
#2 {main}
  thrown in C:\xampp\htdocs\web\optativas_reto\model\UserModel.php on line 90
[08-Jan-2026 13:54:00 Europe/Berlin] GENDER_RAW: "Female"
[08-Jan-2026 13:54:00 Europe/Berlin] GENDER_NORM: "female"
[08-Jan-2026 13:54:06 Europe/Berlin] GENDER_RAW: "Female"
[08-Jan-2026 13:54:06 Europe/Berlin] GENDER_NORM: "female"
[08-Jan-2026 13:54:09 Europe/Berlin] GENDER_RAW: "Man"
[08-Jan-2026 13:54:09 Europe/Berlin] GENDER_NORM: "man"
[08-Jan-2026 13:54:18 Europe/Berlin] GENDER_RAW: "Man"
[08-Jan-2026 13:54:18 Europe/Berlin] GENDER_NORM: "man"
[08-Jan-2026 13:54:29 Europe/Berlin] GENDER_RAW: "Man"
[08-Jan-2026 13:54:29 Europe/Berlin] GENDER_NORM: "man"
[08-Jan-2026 13:54:47 Europe/Berlin] GENDER_RAW: "Other"
[08-Jan-2026 13:54:47 Europe/Berlin] GENDER_NORM: "other"
[08-Jan-2026 13:59:15 Europe/Berlin] GENDER_RAW: "Man"
[08-Jan-2026 13:59:15 Europe/Berlin] GENDER_NORM: "man"
[08-Jan-2026 13:59:30 Europe/Berlin] GENDER_RAW: "Man"
[08-Jan-2026 13:59:30 Europe/Berlin] GENDER_NORM: "man"
[08-Jan-2026 13:59:44 Europe/Berlin] GENDER_RAW: "Man"
[08-Jan-2026 13:59:44 Europe/Berlin] GENDER_NORM: "man"
[08-Jan-2026 14:00:13 Europe/Berlin] GENDER_RAW: "Man"
[08-Jan-2026 14:00:13 Europe/Berlin] GENDER_NORM: "man"
[08-Jan-2026 14:00:50 Europe/Berlin] GENDER_RAW: "Man"
[08-Jan-2026 14:00:50 Europe/Berlin] GENDER_NORM: "man"
[08-Jan-2026 14:00:52 Europe/Berlin] GENDER_RAW: "Man"
[08-Jan-2026 14:00:52 Europe/Berlin] GENDER_NORM: "man"
[08-Jan-2026 14:00:54 Europe/Berlin] GENDER_RAW: "Man"
[08-Jan-2026 14:00:54 Europe/Berlin] GENDER_NORM: "man"
[08-Jan-2026 14:01:03 Europe/Berlin] GENDER_RAW: "Man"
[08-Jan-2026 14:01:03 Europe/Berlin] GENDER_NORM: "man"
[08-Jan-2026 14:14:32 Europe/Berlin] GENDER_RAW: "Man"
[08-Jan-2026 14:14:32 Europe/Berlin] GENDER_NORM: "man"
[08-Jan-2026 14:14:37 Europe/Berlin] GENDER_RAW: "Man"
[08-Jan-2026 14:14:37 Europe/Berlin] GENDER_NORM: "man"
[08-Jan-2026 14:15:06 Europe/Berlin] GENDER_RAW: "Man"
[08-Jan-2026 14:15:06 Europe/Berlin] GENDER_NORM: "man"
[09-Jan-2026 08:48:45 Europe/Berlin] GENDER_RAW: "Man"
[09-Jan-2026 08:48:45 Europe/Berlin] GENDER_NORM: "man"
[09-Jan-2026 08:48:53 Europe/Berlin] GENDER_RAW: "Man"
[09-Jan-2026 08:48:53 Europe/Berlin] GENDER_NORM: "man"
[09-Jan-2026 08:49:02 Europe/Berlin] GENDER_RAW: "Man"
[09-Jan-2026 08:49:02 Europe/Berlin] GENDER_NORM: "man"
[09-Jan-2026 09:41:54 Europe/Berlin] GENDER_RAW: "Man"
[09-Jan-2026 09:41:54 Europe/Berlin] GENDER_NORM: "man"
[09-Jan-2026 09:42:00 Europe/Berlin] GENDER_RAW: "Man"
[09-Jan-2026 09:42:00 Europe/Berlin] GENDER_NORM: "man"
[09-Jan-2026 09:52:38 Europe/Berlin] PHP Fatal error:  Uncaught PDOException: SQLSTATE[42S22]: Column not found: 1054 Unknown column 'USER_NAME' in 'where clause' in C:\xampp\htdocs\web\optativas_reto\model\UserModel.php:28
Stack trace:
#0 C:\xampp\htdocs\web\optativas_reto\model\UserModel.php(28): PDOStatement->execute()
#1 C:\xampp\htdocs\web\optativas_reto\controller\controller.php(19): UserModel->loginUser('juanP', '1234')
#2 C:\xampp\htdocs\web\optativas_reto\api\Login.php(20): controller->loginUser('juanP', '1234')
#3 {main}
  thrown in C:\xampp\htdocs\web\optativas_reto\model\UserModel.php on line 28
[09-Jan-2026 09:52:39 Europe/Berlin] PHP Fatal error:  Uncaught PDOException: SQLSTATE[42S22]: Column not found: 1054 Unknown column 'USER_NAME' in 'where clause' in C:\xampp\htdocs\web\optativas_reto\model\UserModel.php:28
Stack trace:
#0 C:\xampp\htdocs\web\optativas_reto\model\UserModel.php(28): PDOStatement->execute()
#1 C:\xampp\htdocs\web\optativas_reto\controller\controller.php(19): UserModel->loginUser('juanP', '1234')
#2 C:\xampp\htdocs\web\optativas_reto\api\Login.php(20): controller->loginUser('juanP', '1234')
#3 {main}
  thrown in C:\xampp\htdocs\web\optativas_reto\model\UserModel.php on line 28
[09-Jan-2026 09:52:39 Europe/Berlin] PHP Fatal error:  Uncaught PDOException: SQLSTATE[42S22]: Column not found: 1054 Unknown column 'USER_NAME' in 'where clause' in C:\xampp\htdocs\web\optativas_reto\model\UserModel.php:28
Stack trace:
#0 C:\xampp\htdocs\web\optativas_reto\model\UserModel.php(28): PDOStatement->execute()
#1 C:\xampp\htdocs\web\optativas_reto\controller\controller.php(19): UserModel->loginUser('juanP', '1234')
#2 C:\xampp\htdocs\web\optativas_reto\api\Login.php(20): controller->loginUser('juanP', '1234')
#3 {main}
  thrown in C:\xampp\htdocs\web\optativas_reto\model\UserModel.php on line 28
[09-Jan-2026 09:52:40 Europe/Berlin] PHP Fatal error:  Uncaught PDOException: SQLSTATE[42S22]: Column not found: 1054 Unknown column 'USER_NAME' in 'where clause' in C:\xampp\htdocs\web\optativas_reto\model\UserModel.php:28
Stack trace:
#0 C:\xampp\htdocs\web\optativas_reto\model\UserModel.php(28): PDOStatement->execute()
#1 C:\xampp\htdocs\web\optativas_reto\controller\controller.php(19): UserModel->loginUser('juanP', '1234')
#2 C:\xampp\htdocs\web\optativas_reto\api\Login.php(20): controller->loginUser('juanP', '1234')
#3 {main}
  thrown in C:\xampp\htdocs\web\optativas_reto\model\UserModel.php on line 28
[09-Jan-2026 09:52:40 Europe/Berlin] PHP Fatal error:  Uncaught PDOException: SQLSTATE[42S22]: Column not found: 1054 Unknown column 'USER_NAME' in 'where clause' in C:\xampp\htdocs\web\optativas_reto\model\UserModel.php:28
Stack trace:
#0 C:\xampp\htdocs\web\optativas_reto\model\UserModel.php(28): PDOStatement->execute()
#1 C:\xampp\htdocs\web\optativas_reto\controller\controller.php(19): UserModel->loginUser('juanP', '1234')
#2 C:\xampp\htdocs\web\optativas_reto\api\Login.php(20): controller->loginUser('juanP', '1234')
#3 {main}
  thrown in C:\xampp\htdocs\web\optativas_reto\model\UserModel.php on line 28
[09-Jan-2026 09:53:23 Europe/Berlin] PHP Fatal error:  Uncaught PDOException: SQLSTATE[42S22]: Column not found: 1054 Unknown column 'USER_NAME' in 'where clause' in C:\xampp\htdocs\web\optativas_reto\model\UserModel.php:28
Stack trace:
#0 C:\xampp\htdocs\web\optativas_reto\model\UserModel.php(28): PDOStatement->execute()
#1 C:\xampp\htdocs\web\optativas_reto\controller\controller.php(19): UserModel->loginUser('jlopez', '1234')
#2 C:\xampp\htdocs\web\optativas_reto\api\Login.php(20): controller->loginUser('jlopez', '1234')
#3 {main}
  thrown in C:\xampp\htdocs\web\optativas_reto\model\UserModel.php on line 28
[09-Jan-2026 09:53:24 Europe/Berlin] PHP Fatal error:  Uncaught PDOException: SQLSTATE[42S22]: Column not found: 1054 Unknown column 'USER_NAME' in 'where clause' in C:\xampp\htdocs\web\optativas_reto\model\UserModel.php:28
Stack trace:
#0 C:\xampp\htdocs\web\optativas_reto\model\UserModel.php(28): PDOStatement->execute()
#1 C:\xampp\htdocs\web\optativas_reto\controller\controller.php(19): UserModel->loginUser('jlopez', '1234')
#2 C:\xampp\htdocs\web\optativas_reto\api\Login.php(20): controller->loginUser('jlopez', '1234')
#3 {main}
  thrown in C:\xampp\htdocs\web\optativas_reto\model\UserModel.php on line 28
[09-Jan-2026 09:53:27 Europe/Berlin] PHP Fatal error:  Uncaught PDOException: SQLSTATE[42S22]: Column not found: 1054 Unknown column 'USER_NAME' in 'where clause' in C:\xampp\htdocs\web\optativas_reto\model\UserModel.php:28
Stack trace:
#0 C:\xampp\htdocs\web\optativas_reto\model\UserModel.php(28): PDOStatement->execute()
#1 C:\xampp\htdocs\web\optativas_reto\controller\controller.php(19): UserModel->loginUser('jlopez', '1234')
#2 C:\xampp\htdocs\web\optativas_reto\api\Login.php(20): controller->loginUser('jlopez', '1234')
#3 {main}
  thrown in C:\xampp\htdocs\web\optativas_reto\model\UserModel.php on line 28
[09-Jan-2026 09:53:28 Europe/Berlin] PHP Fatal error:  Uncaught PDOException: SQLSTATE[42S22]: Column not found: 1054 Unknown column 'USER_NAME' in 'where clause' in C:\xampp\htdocs\web\optativas_reto\model\UserModel.php:28
Stack trace:
#0 C:\xampp\htdocs\web\optativas_reto\model\UserModel.php(28): PDOStatement->execute()
#1 C:\xampp\htdocs\web\optativas_reto\controller\controller.php(19): UserModel->loginUser('jlopez', '1234')
#2 C:\xampp\htdocs\web\optativas_reto\api\Login.php(20): controller->loginUser('jlopez', '1234')
#3 {main}
  thrown in C:\xampp\htdocs\web\optativas_reto\model\UserModel.php on line 28
[09-Jan-2026 09:53:28 Europe/Berlin] PHP Fatal error:  Uncaught PDOException: SQLSTATE[42S22]: Column not found: 1054 Unknown column 'USER_NAME' in 'where clause' in C:\xampp\htdocs\web\optativas_reto\model\UserModel.php:28
Stack trace:
#0 C:\xampp\htdocs\web\optativas_reto\model\UserModel.php(28): PDOStatement->execute()
#1 C:\xampp\htdocs\web\optativas_reto\controller\controller.php(19): UserModel->loginUser('jlopez', '1234')
#2 C:\xampp\htdocs\web\optativas_reto\api\Login.php(20): controller->loginUser('jlopez', '1234')
#3 {main}
  thrown in C:\xampp\htdocs\web\optativas_reto\model\UserModel.php on line 28
[15-Jan-2026 12:49:23 Europe/Berlin] PHP Fatal error:  Uncaught Error: Class "ShoeModel" not found in C:\xampp\htdocs\web\optativas_reto\controller\controller.php:62
Stack trace:
#0 C:\xampp\htdocs\web\optativas_reto\api\getShoe.php(34): controller->getShoeById(3)
#1 {main}
  thrown in C:\xampp\htdocs\web\optativas_reto\controller\controller.php on line 62
[15-Jan-2026 12:49:28 Europe/Berlin] PHP Fatal error:  Uncaught Error: Class "ShoeModel" not found in C:\xampp\htdocs\web\optativas_reto\controller\controller.php:62
Stack trace:
#0 C:\xampp\htdocs\web\optativas_reto\api\getShoe.php(34): controller->getShoeById(3)
#1 {main}
  thrown in C:\xampp\htdocs\web\optativas_reto\controller\controller.php on line 62
[15-Jan-2026 12:49:30 Europe/Berlin] PHP Fatal error:  Uncaught Error: Class "ShoeModel" not found in C:\xampp\htdocs\web\optativas_reto\controller\controller.php:62
Stack trace:
#0 C:\xampp\htdocs\web\optativas_reto\api\getShoe.php(34): controller->getShoeById(3)
#1 {main}
  thrown in C:\xampp\htdocs\web\optativas_reto\controller\controller.php on line 62
[15-Jan-2026 12:49:31 Europe/Berlin] PHP Fatal error:  Uncaught Error: Class "ShoeModel" not found in C:\xampp\htdocs\web\optativas_reto\controller\controller.php:62
Stack trace:
#0 C:\xampp\htdocs\web\optativas_reto\api\getShoe.php(34): controller->getShoeById(3)
#1 {main}
  thrown in C:\xampp\htdocs\web\optativas_reto\controller\controller.php on line 62
[15-Jan-2026 12:55:37 Europe/Berlin] PHP Fatal error:  Uncaught Error: Class "ShoeModel" not found in C:\xampp\htdocs\web\optativas_reto\controller\controller.php:62
Stack trace:
#0 C:\xampp\htdocs\web\optativas_reto\api\getShoe.php(34): controller->getShoeById(3)
#1 {main}
  thrown in C:\xampp\htdocs\web\optativas_reto\controller\controller.php on line 62
[15-Jan-2026 12:55:39 Europe/Berlin] PHP Fatal error:  Uncaught Error: Class "ShoeModel" not found in C:\xampp\htdocs\web\optativas_reto\controller\controller.php:62
Stack trace:
#0 C:\xampp\htdocs\web\optativas_reto\api\getShoe.php(34): controller->getShoeById(3)
#1 {main}
  thrown in C:\xampp\htdocs\web\optativas_reto\controller\controller.php on line 62
[15-Jan-2026 13:02:21 Europe/Berlin] PHP Fatal error:  Uncaught Error: Class "ShoeModel" not found in C:\xampp\htdocs\web\optativas_reto\controller\controller.php:62
Stack trace:
#0 C:\xampp\htdocs\web\optativas_reto\api\GetShoe.php(34): controller->getShoeById(3)
#1 {main}
  thrown in C:\xampp\htdocs\web\optativas_reto\controller\controller.php on line 62
[15-Jan-2026 13:03:22 Europe/Berlin] PHP Fatal error:  Uncaught Error: Class "ShoeModel" not found in C:\xampp\htdocs\web\optativas_reto\controller\controller.php:62
Stack trace:
#0 C:\xampp\htdocs\web\optativas_reto\api\GetShoe.php(34): controller->getShoeById(1)
#1 {main}
  thrown in C:\xampp\htdocs\web\optativas_reto\controller\controller.php on line 62
[15-Jan-2026 13:11:16 Europe/Berlin] PHP Fatal error:  Uncaught Error: Class "ShoeModel" not found in C:\xampp\htdocs\web\optativas_reto\controller\controller.php:62
Stack trace:
#0 C:\xampp\htdocs\web\optativas_reto\api\GetShoe.php(34): controller->getShoeById(2)
#1 {main}
  thrown in C:\xampp\htdocs\web\optativas_reto\controller\controller.php on line 62
[15-Jan-2026 13:17:28 Europe/Berlin] PHP Fatal error:  Uncaught Error: Class "ShoeModel" not found in C:\xampp\htdocs\web\optativas_reto\controller\controller.php:62
Stack trace:
#0 C:\xampp\htdocs\web\optativas_reto\api\GetShoe.php(34): controller->getShoeById(2)
#1 {main}
  thrown in C:\xampp\htdocs\web\optativas_reto\controller\controller.php on line 62
[15-Jan-2026 13:17:29 Europe/Berlin] PHP Fatal error:  Uncaught Error: Class "ShoeModel" not found in C:\xampp\htdocs\web\optativas_reto\controller\controller.php:62
Stack trace:
#0 C:\xampp\htdocs\web\optativas_reto\api\GetShoe.php(34): controller->getShoeById(2)
#1 {main}
  thrown in C:\xampp\htdocs\web\optativas_reto\controller\controller.php on line 62
[15-Jan-2026 13:18:31 Europe/Berlin] PHP Fatal error:  Uncaught Error: Class "ShoeModel" not found in C:\xampp\htdocs\web\optativas_reto\controller\controller.php:62
Stack trace:
#0 C:\xampp\htdocs\web\optativas_reto\api\GetShoe.php(34): controller->getShoeById(2)
#1 {main}
  thrown in C:\xampp\htdocs\web\optativas_reto\controller\controller.php on line 62
[22-Jan-2026 12:09:45 Europe/Berlin] GENDER_RAW: "Man"
[22-Jan-2026 12:09:45 Europe/Berlin] GENDER_NORM: "man"
[10-Feb-2026 16:34:35 Europe/Berlin] Received model: Air Max
[10-Feb-2026 17:09:04 Europe/Berlin] Received model: Samba
[10-Feb-2026 17:09:38 Europe/Berlin] Received model: Air Max
[10-Feb-2026 17:12:21 Europe/Berlin] Received model: Samba
[11-Feb-2026 18:41:20 Europe/Berlin] Received model: Samba
[11-Feb-2026 18:57:33 Europe/Berlin] Received model: Caven
[11-Feb-2026 18:58:41 Europe/Berlin] Received model: Caven
[11-Feb-2026 18:58:43 Europe/Berlin] Received model: Caven
[11-Feb-2026 19:01:21 Europe/Berlin] Received model: Samba
[11-Feb-2026 19:03:42 Europe/Berlin] Received model: Samba
[11-Feb-2026 19:05:28 Europe/Berlin] Received model: Samba
[11-Feb-2026 19:05:31 Europe/Berlin] Received model: Caven
[11-Feb-2026 19:05:37 Europe/Berlin] Received model: sdsds
[11-Feb-2026 19:05:38 Europe/Berlin] Received model: Samba
[11-Feb-2026 19:12:10 Europe/Berlin] PHP Warning:  Undefined array key "ID" in C:\xampp\htdocs\optativas_reto\model\ShoeModel.php on line 44
[11-Feb-2026 19:12:10 Europe/Berlin] PHP Warning:  Undefined array key "ID" in C:\xampp\htdocs\optativas_reto\model\ShoeModel.php on line 44
[11-Feb-2026 19:12:10 Europe/Berlin] PHP Warning:  Undefined array key "ID" in C:\xampp\htdocs\optativas_reto\model\ShoeModel.php on line 44
[11-Feb-2026 19:12:10 Europe/Berlin] PHP Warning:  Undefined array key "ID" in C:\xampp\htdocs\optativas_reto\model\ShoeModel.php on line 44
[11-Feb-2026 19:12:10 Europe/Berlin] PHP Warning:  Undefined array key "ID" in C:\xampp\htdocs\optativas_reto\model\ShoeModel.php on line 44
[11-Feb-2026 19:14:36 Europe/Berlin] PHP Warning:  Undefined array key "ID" in C:\xampp\htdocs\optativas_reto\model\ShoeModel.php on line 44
[11-Feb-2026 19:14:36 Europe/Berlin] PHP Warning:  Undefined array key "ID" in C:\xampp\htdocs\optativas_reto\model\ShoeModel.php on line 44
[11-Feb-2026 19:14:36 Europe/Berlin] PHP Warning:  Undefined array key "ID" in C:\xampp\htdocs\optativas_reto\model\ShoeModel.php on line 44
[11-Feb-2026 19:14:36 Europe/Berlin] PHP Warning:  Undefined array key "ID" in C:\xampp\htdocs\optativas_reto\model\ShoeModel.php on line 44
[11-Feb-2026 19:14:36 Europe/Berlin] PHP Warning:  Undefined array key "ID" in C:\xampp\htdocs\optativas_reto\model\ShoeModel.php on line 44
[11-Feb-2026 19:14:37 Europe/Berlin] PHP Fatal error:  Uncaught Error: Undefined constant "console" in C:\xampp\htdocs\optativas_reto\api\GetUniqueShoes.php:12
Stack trace:
#0 {main}
  thrown in C:\xampp\htdocs\optativas_reto\api\GetUniqueShoes.php on line 12
[11-Feb-2026 19:16:26 Europe/Berlin] PHP Warning:  Undefined array key "ID" in C:\xampp\htdocs\optativas_reto\model\ShoeModel.php on line 44
[11-Feb-2026 19:16:26 Europe/Berlin] PHP Warning:  Undefined array key "ID" in C:\xampp\htdocs\optativas_reto\model\ShoeModel.php on line 44
[11-Feb-2026 19:16:26 Europe/Berlin] PHP Warning:  Undefined array key "ID" in C:\xampp\htdocs\optativas_reto\model\ShoeModel.php on line 44
[11-Feb-2026 19:16:26 Europe/Berlin] PHP Warning:  Undefined array key "ID" in C:\xampp\htdocs\optativas_reto\model\ShoeModel.php on line 44
[11-Feb-2026 19:16:26 Europe/Berlin] PHP Warning:  Undefined array key "ID" in C:\xampp\htdocs\optativas_reto\model\ShoeModel.php on line 44
[11-Feb-2026 19:16:27 Europe/Berlin] PHP Warning:  Undefined array key "ID" in C:\xampp\htdocs\optativas_reto\model\ShoeModel.php on line 44
[11-Feb-2026 19:16:27 Europe/Berlin] PHP Warning:  Undefined array key "ID" in C:\xampp\htdocs\optativas_reto\model\ShoeModel.php on line 44
[11-Feb-2026 19:16:27 Europe/Berlin] PHP Warning:  Undefined array key "ID" in C:\xampp\htdocs\optativas_reto\model\ShoeModel.php on line 44
[11-Feb-2026 19:16:27 Europe/Berlin] PHP Warning:  Undefined array key "ID" in C:\xampp\htdocs\optativas_reto\model\ShoeModel.php on line 44
[11-Feb-2026 19:16:27 Europe/Berlin] PHP Warning:  Undefined array key "ID" in C:\xampp\htdocs\optativas_reto\model\ShoeModel.php on line 44
[11-Feb-2026 19:21:13 Europe/Berlin] PHP Fatal error:  Uncaught PDOException: SQLSTATE[42000]: Syntax error or access violation: 1055 Expression #1 of SELECT list is not in GROUP BY clause and contains nonaggregated column 'crud_adt.SHOE.ID' which is not functionally dependent on columns in GROUP BY clause; this is incompatible with sql_mode=only_full_group_by in C:\xampp\htdocs\optativas_reto\model\ShoeModel.php:34
Stack trace:
#0 C:\xampp\htdocs\optativas_reto\model\ShoeModel.php(34): PDOStatement->execute()
#1 C:\xampp\htdocs\optativas_reto\controller\controller.php(73): ShoeModel->get_unique_shoes_by_model()
#2 C:\xampp\htdocs\optativas_reto\api\GetUniqueShoes.php(11): controller->get_unique_shoes_by_model()
#3 {main}
  thrown in C:\xampp\htdocs\optativas_reto\model\ShoeModel.php on line 34
[11-Feb-2026 19:21:14 Europe/Berlin] PHP Fatal error:  Uncaught PDOException: SQLSTATE[42000]: Syntax error or access violation: 1055 Expression #1 of SELECT list is not in GROUP BY clause and contains nonaggregated column 'crud_adt.SHOE.ID' which is not functionally dependent on columns in GROUP BY clause; this is incompatible with sql_mode=only_full_group_by in C:\xampp\htdocs\optativas_reto\model\ShoeModel.php:34
Stack trace:
#0 C:\xampp\htdocs\optativas_reto\model\ShoeModel.php(34): PDOStatement->execute()
#1 C:\xampp\htdocs\optativas_reto\controller\controller.php(73): ShoeModel->get_unique_shoes_by_model()
#2 C:\xampp\htdocs\optativas_reto\api\GetUniqueShoes.php(11): controller->get_unique_shoes_by_model()
#3 {main}
  thrown in C:\xampp\htdocs\optativas_reto\model\ShoeModel.php on line 34
[11-Feb-2026 19:21:14 Europe/Berlin] PHP Fatal error:  Uncaught PDOException: SQLSTATE[42000]: Syntax error or access violation: 1055 Expression #1 of SELECT list is not in GROUP BY clause and contains nonaggregated column 'crud_adt.SHOE.ID' which is not functionally dependent on columns in GROUP BY clause; this is incompatible with sql_mode=only_full_group_by in C:\xampp\htdocs\optativas_reto\model\ShoeModel.php:34
Stack trace:
#0 C:\xampp\htdocs\optativas_reto\model\ShoeModel.php(34): PDOStatement->execute()
#1 C:\xampp\htdocs\optativas_reto\controller\controller.php(73): ShoeModel->get_unique_shoes_by_model()
#2 C:\xampp\htdocs\optativas_reto\api\GetUniqueShoes.php(11): controller->get_unique_shoes_by_model()
#3 {main}
  thrown in C:\xampp\htdocs\optativas_reto\model\ShoeModel.php on line 34
[11-Feb-2026 19:21:21 Europe/Berlin] PHP Fatal error:  Uncaught PDOException: SQLSTATE[42000]: Syntax error or access violation: 1055 Expression #1 of SELECT list is not in GROUP BY clause and contains nonaggregated column 'crud_adt.SHOE.ID' which is not functionally dependent on columns in GROUP BY clause; this is incompatible with sql_mode=only_full_group_by in C:\xampp\htdocs\optativas_reto\model\ShoeModel.php:34
Stack trace:
#0 C:\xampp\htdocs\optativas_reto\model\ShoeModel.php(34): PDOStatement->execute()
#1 C:\xampp\htdocs\optativas_reto\controller\controller.php(73): ShoeModel->get_unique_shoes_by_model()
#2 C:\xampp\htdocs\optativas_reto\api\GetUniqueShoes.php(11): controller->get_unique_shoes_by_model()
#3 {main}
  thrown in C:\xampp\htdocs\optativas_reto\model\ShoeModel.php on line 34
[11-Feb-2026 19:27:54 Europe/Berlin] PHP Fatal error:  Uncaught PDOException: SQLSTATE[42S22]: Column not found: 1054 Unknown column 'SIZES' in 'field list' in C:\xampp\htdocs\optativas_reto\model\ShoeModel.php:37
Stack trace:
#0 C:\xampp\htdocs\optativas_reto\model\ShoeModel.php(37): PDOStatement->execute()
#1 C:\xampp\htdocs\optativas_reto\controller\controller.php(73): ShoeModel->get_unique_shoes_by_model()
#2 C:\xampp\htdocs\optativas_reto\api\GetUniqueShoes.php(11): controller->get_unique_shoes_by_model()
#3 {main}
  thrown in C:\xampp\htdocs\optativas_reto\model\ShoeModel.php on line 37
[11-Feb-2026 19:27:54 Europe/Berlin] PHP Fatal error:  Uncaught PDOException: SQLSTATE[42S22]: Column not found: 1054 Unknown column 'SIZES' in 'field list' in C:\xampp\htdocs\optativas_reto\model\ShoeModel.php:37
Stack trace:
#0 C:\xampp\htdocs\optativas_reto\model\ShoeModel.php(37): PDOStatement->execute()
#1 C:\xampp\htdocs\optativas_reto\controller\controller.php(73): ShoeModel->get_unique_shoes_by_model()
#2 C:\xampp\htdocs\optativas_reto\api\GetUniqueShoes.php(11): controller->get_unique_shoes_by_model()
#3 {main}
  thrown in C:\xampp\htdocs\optativas_reto\model\ShoeModel.php on line 37
[11-Feb-2026 19:29:36 Europe/Berlin] PHP Fatal error:  Uncaught PDOException: SQLSTATE[42000]: Syntax error or access violation: 1055 Expression #1 of SELECT list is not in GROUP BY clause and contains nonaggregated column 'crud_adt.SHOE.ID' which is not functionally dependent on columns in GROUP BY clause; this is incompatible with sql_mode=only_full_group_by in C:\xampp\htdocs\optativas_reto\model\ShoeModel.php:37
Stack trace:
#0 C:\xampp\htdocs\optativas_reto\model\ShoeModel.php(37): PDOStatement->execute()
#1 C:\xampp\htdocs\optativas_reto\controller\controller.php(73): ShoeModel->get_unique_shoes_by_model()
#2 C:\xampp\htdocs\optativas_reto\api\GetUniqueShoes.php(11): controller->get_unique_shoes_by_model()
#3 {main}
  thrown in C:\xampp\htdocs\optativas_reto\model\ShoeModel.php on line 37
[11-Feb-2026 19:29:36 Europe/Berlin] PHP Fatal error:  Uncaught PDOException: SQLSTATE[42000]: Syntax error or access violation: 1055 Expression #1 of SELECT list is not in GROUP BY clause and contains nonaggregated column 'crud_adt.SHOE.ID' which is not functionally dependent on columns in GROUP BY clause; this is incompatible with sql_mode=only_full_group_by in C:\xampp\htdocs\optativas_reto\model\ShoeModel.php:37
Stack trace:
#0 C:\xampp\htdocs\optativas_reto\model\ShoeModel.php(37): PDOStatement->execute()
#1 C:\xampp\htdocs\optativas_reto\controller\controller.php(73): ShoeModel->get_unique_shoes_by_model()
#2 C:\xampp\htdocs\optativas_reto\api\GetUniqueShoes.php(11): controller->get_unique_shoes_by_model()
#3 {main}
  thrown in C:\xampp\htdocs\optativas_reto\model\ShoeModel.php on line 37
[11-Feb-2026 19:29:38 Europe/Berlin] PHP Fatal error:  Uncaught PDOException: SQLSTATE[42000]: Syntax error or access violation: 1055 Expression #1 of SELECT list is not in GROUP BY clause and contains nonaggregated column 'crud_adt.SHOE.ID' which is not functionally dependent on columns in GROUP BY clause; this is incompatible with sql_mode=only_full_group_by in C:\xampp\htdocs\optativas_reto\model\ShoeModel.php:37
Stack trace:
#0 C:\xampp\htdocs\optativas_reto\model\ShoeModel.php(37): PDOStatement->execute()
#1 C:\xampp\htdocs\optativas_reto\controller\controller.php(73): ShoeModel->get_unique_shoes_by_model()
#2 C:\xampp\htdocs\optativas_reto\api\GetUniqueShoes.php(11): controller->get_unique_shoes_by_model()
#3 {main}
  thrown in C:\xampp\htdocs\optativas_reto\model\ShoeModel.php on line 37
[11-Feb-2026 19:30:34 Europe/Berlin] PHP Fatal error:  Uncaught PDOException: SQLSTATE[42000]: Syntax error or access violation: 1055 Expression #7 of SELECT list is not in GROUP BY clause and contains nonaggregated column 'crud_adt.SHOE.PRICE' which is not functionally dependent on columns in GROUP BY clause; this is incompatible with sql_mode=only_full_group_by in C:\xampp\htdocs\optativas_reto\model\ShoeModel.php:38
Stack trace:
#0 C:\xampp\htdocs\optativas_reto\model\ShoeModel.php(38): PDOStatement->execute()
#1 C:\xampp\htdocs\optativas_reto\controller\controller.php(73): ShoeModel->get_unique_shoes_by_model()
#2 C:\xampp\htdocs\optativas_reto\api\GetUniqueShoes.php(11): controller->get_unique_shoes_by_model()
#3 {main}
  thrown in C:\xampp\htdocs\optativas_reto\model\ShoeModel.php on line 24
[27-Jan-2026 08:30:43 Europe/Berlin] PHP Fatal error:  Uncaught Error: Call to a member function prepare() on null in C:\xampp\htdocs\optativas_reto\model\UserModel.php:25
Stack trace:
#0 C:\xampp\htdocs\optativas_reto\controller\controller.php(23): UserModel->loginUser('anam', '1234')
#1 C:\xampp\htdocs\optativas_reto\api\Login.php(20): controller->loginUser('anam', '1234')
#2 {main}
  thrown in C:\xampp\htdocs\optativas_reto\model\UserModel.php on line 25
[27-Jan-2026 08:30:54 Europe/Berlin] PHP Fatal error:  Uncaught Error: Call to a member function prepare() on null in C:\xampp\htdocs\optativas_reto\model\UserModel.php:25
Stack trace:
#0 C:\xampp\htdocs\optativas_reto\controller\controller.php(23): UserModel->loginUser('anam', '1234')
#1 C:\xampp\htdocs\optativas_reto\api\Login.php(20): controller->loginUser('anam', '1234')
#2 {main}
  thrown in C:\xampp\htdocs\optativas_reto\model\UserModel.php on line 25
[27-Jan-2026 08:30:54 Europe/Berlin] PHP Fatal error:  Uncaught Error: Call to a member function prepare() on null in C:\xampp\htdocs\optativas_reto\model\UserModel.php:25
Stack trace:
#0 C:\xampp\htdocs\optativas_reto\controller\controller.php(23): UserModel->loginUser('anam', '1234')
#1 C:\xampp\htdocs\optativas_reto\api\Login.php(20): controller->loginUser('anam', '1234')
#2 {main}
  thrown in C:\xampp\htdocs\optativas_reto\model\UserModel.php on line 25
[27-Jan-2026 08:30:54 Europe/Berlin] PHP Fatal error:  Uncaught Error: Call to a member function prepare() on null in C:\xampp\htdocs\optativas_reto\model\UserModel.php:25
Stack trace:
#0 C:\xampp\htdocs\optativas_reto\controller\controller.php(23): UserModel->loginUser('anam', '1234')
#1 C:\xampp\htdocs\optativas_reto\api\Login.php(20): controller->loginUser('anam', '1234')
#2 {main}
  thrown in C:\xampp\htdocs\optativas_reto\model\UserModel.php on line 25
[27-Jan-2026 08:30:55 Europe/Berlin] PHP Fatal error:  Uncaught Error: Call to a member function prepare() on null in C:\xampp\htdocs\optativas_reto\model\UserModel.php:25
Stack trace:
#0 C:\xampp\htdocs\optativas_reto\controller\controller.php(23): UserModel->loginUser('anam', '1234')
#1 C:\xampp\htdocs\optativas_reto\api\Login.php(20): controller->loginUser('anam', '1234')
#2 {main}
  thrown in C:\xampp\htdocs\optativas_reto\model\UserModel.php on line 25
[27-Jan-2026 08:31:06 Europe/Berlin] PHP Fatal error:  Uncaught Error: Call to a member function prepare() on null in C:\xampp\htdocs\optativas_reto\model\UserModel.php:25
Stack trace:
#0 C:\xampp\htdocs\optativas_reto\controller\controller.php(23): UserModel->loginUser('anam', '1234')
#1 C:\xampp\htdocs\optativas_reto\api\Login.php(20): controller->loginUser('anam', '1234')
#2 {main}
  thrown in C:\xampp\htdocs\optativas_reto\model\UserModel.php on line 25
[27-Jan-2026 08:31:07 Europe/Berlin] PHP Fatal error:  Uncaught Error: Call to a member function prepare() on null in C:\xampp\htdocs\optativas_reto\model\UserModel.php:25
Stack trace:
#0 C:\xampp\htdocs\optativas_reto\controller\controller.php(23): UserModel->loginUser('anam', '1234')
#1 C:\xampp\htdocs\optativas_reto\api\Login.php(20): controller->loginUser('anam', '1234')
#2 {main}
  thrown in C:\xampp\htdocs\optativas_reto\model\UserModel.php on line 25
[27-Jan-2026 08:31:07 Europe/Berlin] PHP Fatal error:  Uncaught Error: Call to a member function prepare() on null in C:\xampp\htdocs\optativas_reto\model\UserModel.php:25
Stack trace:
#0 C:\xampp\htdocs\optativas_reto\controller\controller.php(23): UserModel->loginUser('anam', '1234')
#1 C:\xampp\htdocs\optativas_reto\api\Login.php(20): controller->loginUser('anam', '1234')
#2 {main}
  thrown in C:\xampp\htdocs\optativas_reto\model\UserModel.php on line 25
[27-Jan-2026 08:35:25 Europe/Berlin] PHP Fatal error:  Uncaught Error: Call to a member function prepare() on null in C:\xampp\htdocs\optativas_reto\model\UserModel.php:25
Stack trace:
#0 C:\xampp\htdocs\optativas_reto\controller\controller.php(23): UserModel->loginUser('juanP', '1234')
#1 C:\xampp\htdocs\optativas_reto\api\Login.php(20): controller->loginUser('juanP', '1234')
#2 {main}
  thrown in C:\xampp\htdocs\optativas_reto\model\UserModel.php on line 25
[11-Feb-2026 22:18:07 Europe/Berlin] PHP Fatal error:  Uncaught PDOException: SQLSTATE[23000]: Integrity constraint violation: 1451 Cannot delete or update a parent row: a foreign key constraint fails (`crud_adt`.`order_`, CONSTRAINT `order__ibfk_2` FOREIGN KEY (`SHOE_ID`) REFERENCES `shoe` (`ID`) ON DELETE RESTRICT ON UPDATE CASCADE) in C:\xampp\htdocs\optativas_reto\model\ShoeModel.php:59
Stack trace:
#0 C:\xampp\htdocs\optativas_reto\model\ShoeModel.php(59): PDOStatement->execute()
#1 C:\xampp\htdocs\optativas_reto\controller\controller.php(76): ShoeModel->delete_shoe('1')
#2 C:\xampp\htdocs\optativas_reto\api\DeleteShoe.php(13): controller->delete_shoe('1')
#3 {main}
  thrown in C:\xampp\htdocs\optativas_reto\model\ShoeModel.php on line 59
[11-Feb-2026 22:19:10 Europe/Berlin] PHP Fatal error:  Uncaught PDOException: SQLSTATE[23000]: Integrity constraint violation: 1451 Cannot delete or update a parent row: a foreign key constraint fails (`crud_adt`.`order_`, CONSTRAINT `order__ibfk_2` FOREIGN KEY (`SHOE_ID`) REFERENCES `shoe` (`ID`) ON DELETE RESTRICT ON UPDATE CASCADE) in C:\xampp\htdocs\optativas_reto\model\ShoeModel.php:59
Stack trace:
#0 C:\xampp\htdocs\optativas_reto\model\ShoeModel.php(59): PDOStatement->execute()
#1 C:\xampp\htdocs\optativas_reto\controller\controller.php(76): ShoeModel->delete_shoe('1')
#2 C:\xampp\htdocs\optativas_reto\api\DeleteShoe.php(13): controller->delete_shoe('1')
#3 {main}
  thrown in C:\xampp\htdocs\optativas_reto\model\ShoeModel.php on line 59
[11-Feb-2026 22:19:21 Europe/Berlin] PHP Fatal error:  Uncaught PDOException: SQLSTATE[23000]: Integrity constraint violation: 1451 Cannot delete or update a parent row: a foreign key constraint fails (`crud_adt`.`order_`, CONSTRAINT `order__ibfk_2` FOREIGN KEY (`SHOE_ID`) REFERENCES `shoe` (`ID`) ON DELETE RESTRICT ON UPDATE CASCADE) in C:\xampp\htdocs\optativas_reto\model\ShoeModel.php:59
Stack trace:
#0 C:\xampp\htdocs\optativas_reto\model\ShoeModel.php(59): PDOStatement->execute()
#1 C:\xampp\htdocs\optativas_reto\controller\controller.php(76): ShoeModel->delete_shoe('1')
#2 C:\xampp\htdocs\optativas_reto\api\DeleteShoe.php(13): controller->delete_shoe('1')
#3 {main}
  thrown in C:\xampp\htdocs\optativas_reto\model\ShoeModel.php on line 59
[11-Feb-2026 22:22:28 Europe/Berlin] PHP Fatal error:  Uncaught PDOException: SQLSTATE[23000]: Integrity constraint violation: 1451 Cannot delete or update a parent row: a foreign key constraint fails (`crud_adt`.`order_`, CONSTRAINT `order__ibfk_2` FOREIGN KEY (`SHOE_ID`) REFERENCES `shoe` (`ID`) ON DELETE RESTRICT ON UPDATE CASCADE) in C:\xampp\htdocs\optativas_reto\model\ShoeModel.php:59
Stack trace:
#0 C:\xampp\htdocs\optativas_reto\model\ShoeModel.php(59): PDOStatement->execute()
#1 C:\xampp\htdocs\optativas_reto\controller\controller.php(76): ShoeModel->delete_shoe('2')
#2 C:\xampp\htdocs\optativas_reto\api\DeleteShoe.php(20): controller->delete_shoe('2')
#3 {main}
  thrown in C:\xampp\htdocs\optativas_reto\model\ShoeModel.php on line 59
[11-Feb-2026 22:22:49 Europe/Berlin] PHP Fatal error:  Uncaught PDOException: SQLSTATE[23000]: Integrity constraint violation: 1451 Cannot delete or update a parent row: a foreign key constraint fails (`crud_adt`.`order_`, CONSTRAINT `order__ibfk_2` FOREIGN KEY (`SHOE_ID`) REFERENCES `shoe` (`ID`) ON DELETE RESTRICT ON UPDATE CASCADE) in C:\xampp\htdocs\optativas_reto\model\ShoeModel.php:59
Stack trace:
#0 C:\xampp\htdocs\optativas_reto\model\ShoeModel.php(59): PDOStatement->execute()
#1 C:\xampp\htdocs\optativas_reto\controller\controller.php(76): ShoeModel->delete_shoe('1')
#2 C:\xampp\htdocs\optativas_reto\api\DeleteShoe.php(20): controller->delete_shoe('1')
#3 {main}
  thrown in C:\xampp\htdocs\optativas_reto\model\ShoeModel.php on line 59
[11-Feb-2026 22:22:55 Europe/Berlin] PHP Fatal error:  Uncaught PDOException: SQLSTATE[23000]: Integrity constraint violation: 1451 Cannot delete or update a parent row: a foreign key constraint fails (`crud_adt`.`order_`, CONSTRAINT `order__ibfk_2` FOREIGN KEY (`SHOE_ID`) REFERENCES `shoe` (`ID`) ON DELETE RESTRICT ON UPDATE CASCADE) in C:\xampp\htdocs\optativas_reto\model\ShoeModel.php:59
Stack trace:
#0 C:\xampp\htdocs\optativas_reto\model\ShoeModel.php(59): PDOStatement->execute()
#1 C:\xampp\htdocs\optativas_reto\controller\controller.php(76): ShoeModel->delete_shoe('1')
#2 C:\xampp\htdocs\optativas_reto\api\DeleteShoe.php(20): controller->delete_shoe('1')
#3 {main}
  thrown in C:\xampp\htdocs\optativas_reto\model\ShoeModel.php on line 59
[11-Feb-2026 22:25:32 Europe/Berlin] PHP Fatal error:  Uncaught PDOException: SQLSTATE[23000]: Integrity constraint violation: 1451 Cannot delete or update a parent row: a foreign key constraint fails (`crud_adt`.`order_`, CONSTRAINT `order__ibfk_2` FOREIGN KEY (`SHOE_ID`) REFERENCES `shoe` (`ID`) ON DELETE RESTRICT ON UPDATE CASCADE) in C:\xampp\htdocs\optativas_reto\model\ShoeModel.php:57
Stack trace:
#0 C:\xampp\htdocs\optativas_reto\model\ShoeModel.php(57): PDOStatement->execute()
#1 C:\xampp\htdocs\optativas_reto\controller\controller.php(76): ShoeModel->delete_shoe('1')
#2 C:\xampp\htdocs\optativas_reto\api\DeleteShoe.php(20): controller->delete_shoe('1')
#3 {main}
  thrown in C:\xampp\htdocs\optativas_reto\model\ShoeModel.php on line 57
[11-Feb-2026 22:27:02 Europe/Berlin] PHP Fatal error:  Uncaught PDOException: SQLSTATE[23000]: Integrity constraint violation: 1451 Cannot delete or update a parent row: a foreign key constraint fails (`crud_adt`.`order_`, CONSTRAINT `order__ibfk_2` FOREIGN KEY (`SHOE_ID`) REFERENCES `shoe` (`ID`) ON DELETE RESTRICT ON UPDATE CASCADE) in C:\xampp\htdocs\optativas_reto\model\ShoeModel.php:57
Stack trace:
#0 C:\xampp\htdocs\optativas_reto\model\ShoeModel.php(57): PDOStatement->execute()
#1 C:\xampp\htdocs\optativas_reto\controller\controller.php(76): ShoeModel->delete_shoe('1')
#2 C:\xampp\htdocs\optativas_reto\api\DeleteShoe.php(24): controller->delete_shoe('1')
#3 {main}
  thrown in C:\xampp\htdocs\optativas_reto\model\ShoeModel.php on line 57
[11-Feb-2026 22:30:05 Europe/Berlin] PHP Fatal error:  Uncaught PDOException: SQLSTATE[23000]: Integrity constraint violation: 1451 Cannot delete or update a parent row: a foreign key constraint fails (`crud_adt`.`order_`, CONSTRAINT `order__ibfk_2` FOREIGN KEY (`SHOE_ID`) REFERENCES `shoe` (`ID`) ON DELETE RESTRICT ON UPDATE CASCADE) in C:\xampp\htdocs\optativas_reto\model\ShoeModel.php:57
Stack trace:
#0 C:\xampp\htdocs\optativas_reto\model\ShoeModel.php(57): PDOStatement->execute()
#1 C:\xampp\htdocs\optativas_reto\controller\controller.php(76): ShoeModel->delete_shoe('1')
#2 C:\xampp\htdocs\optativas_reto\api\DeleteShoe.php(24): controller->delete_shoe('1')
#3 {main}
  thrown in C:\xampp\htdocs\optativas_reto\model\ShoeModel.php on line 57
[12-Feb-2026 10:13:49 Europe/Berlin] GENDER_RAW: "Man"
[12-Feb-2026 10:13:49 Europe/Berlin] GENDER_NORM: "man"
[12-Feb-2026 10:14:01 Europe/Berlin] GENDER_RAW: "Man"
[12-Feb-2026 10:14:01 Europe/Berlin] GENDER_NORM: "man"
[12-Feb-2026 10:22:21 Europe/Berlin] GENDER_RAW: "Man"
[12-Feb-2026 10:22:21 Europe/Berlin] GENDER_NORM: "man"
[12-Feb-2026 10:32:40 Europe/Berlin] PHP Fatal error:  Uncaught ArgumentCountError: Too few arguments to function ShoeModel::modifyShoe(), 8 passed in C:\xampp\htdocs\optativas_reto\controller\controller.php on line 72 and exactly 9 expected in C:\xampp\htdocs\optativas_reto\model\ShoeModel.php:29
Stack trace:
#0 C:\xampp\htdocs\optativas_reto\controller\controller.php(72): ShoeModel->modifyShoe('11', '79.99', 'Air Max', '45', 'Negro', 'Espa\xC3\xB1a', 'Nike', '53')
#1 C:\xampp\htdocs\optativas_reto\api\ModifyShoe.php(85): controller->modifyShoe('11', '79.99', 'Air Max', '45', 'Negro', 'Espa\xC3\xB1a', 'Nike', '53')
#2 {main}
  thrown in C:\xampp\htdocs\optativas_reto\model\ShoeModel.php on line 29
